-1
-1
-1
-1
-1
-1
-1
-1
-1
-1
-1
-1
-1
-1
-1
-1
-1
-1
-1
-1
-1
-1
-1
-1
-1
-1
-1
-1
-1
-1
1976
1979
-1
-1
1977
-1
-1
-1
-1
-1
-1
-1
-1
-1
-1
-1
-1
-1
-1
-1
-1
-1
-1
-1
-1
1979
-1
-1
-1
2205
-1
1971
1967
1975
-1
-1
-1
-1
-1
-1
-1
-1
-1
-1
-1
-1
-1
-1
1966
-1
-1
2016
-1
-1
-1
-1
-1
1964
-1
-1
-1
-1
-1
-1
-1
-1
-1
-1
-1
-1
-1
-1
-1
-1
-1
-1
-1
1972
-1
1972
-1
1983
-1
-1
-1
-1
2016
-1
1976
-1
1983
1983
-1
-1
-1
-1
-1
2016
1983
-1
-1
2016
-1
-1
-1
1969
1969
2016
-1
-1
-1
-1
-1
-1
-1
1983
-1
2016
1983
-1
-1
-1
-1
2205
-1
-1
-1
-1
-1
1972
1968
2205
1976
1976
1968
-1
1977
-1
-1
-1
1979
1963
-1
-1
-1
-1
-1
-1
-1
-1
-1
-1
-1
-1
-1
-1
-1
2016
1974
1973
-1
-1
-1
-1
-1
-1
-1
-1
-1
-1
-1
-1
-1
-1
-1
-1
-1
-1
-1
-1
-1
-1
-1
-1
-1
-1
1964
-1
-1
-1
-1
-1
-1
-1
1967
-1
1969
1533
2205
-1
1971
1969
1967
1533
1967
-1
-1
-1
2205
1976
2207
-1
-1
-1
1977
-1
-1
-1
-1
-1
2205
-1
1983
1975
-1
1962
1964
1976
-1
-1
-1
-1
-1
-1
1967
-1
-1
2204
1975
1963
-1
2205
-1
1983
-1
-1
-1
1983
1998
1977
1980
-1
1962
1966
-1
1977
2205
-1
-1
1968
2205
1980
-1
-1
-1
1997
-1
-1
-1
-1
1965
-1
-1
-1
-1
1980
1983
1977
1998
-1
-1
-1
-1
-1
2016
1980
2205
-1
1967
-1
1997
-1
-1
-1
1980
-1
-1
-1
-1
-1
-1
-1
1976
-1
-1
-1
1981
-1
-1
-1
1981
-1
-1
-1
1963
-1
-1
-1
1997
-1
-1
-1
1980
-1
-1
-1
1988
-1
-1
-1
2204
-1
-1
-1
1966
-1
-1
-1
1972
-1
-1
-1
1979
-1
-1
-1
1978
-1
-1
-1
2204
-1
-1
-1
1980
-1
-1
-1
1966
-1
-1
-1
1971
-1
-1
-1
2204
-1
-1
-1
1971
-1
-1
-1
1978
-1
-1
-1
1966
-1
-1
-1
1979
-1
-1
-1
1962
-1
-1
-1
1973
-1
-1
-1
1997
-1
-1
-1
1989
-1
-1
-1
2204
-1
-1
-1
2204
-1
-1
-1
2204
-1
-1
-1
1989
-1
-1
-1
1989
-1
-1
-1
1989
-1
-1
-1
1989
-1
-1
-1
1990
-1
-1
-1
1990
-1
-1
-1
1990
-1
-1
-1
1990
-1
-1
-1
1990
-1
-1
-1
1990
-1
-1
-1
1990
-1
-1
-1
1990
-1
-1
-1
1991
-1
-1
-1
1991
-1
-1
-1
1991
-1
-1
-1
1991
-1
-1
-1
1991
-1
-1
-1
1991
-1
-1
-1
1991
-1
-1
-1
1991
-1
-1
-1
1992
-1
-1
-1
1992
-1
-1
-1
1992
-1
-1
-1
1992
-1
-1
-1
1992
-1
-1
-1
1992
-1
-1
-1
1992
-1
-1
-1
1992
-1
-1
-1
1993
-1
-1
-1
1993
-1
-1
-1
1993
-1
-1
-1
1993
-1
-1
-1
1994
-1
1994
1995
1993
1994
-1
-1
-1
-1
-1
-1
-1
-1
-1
1993
-1
-1
-1
1993
-1
-1
-1
1994
1993
-1
-1
-1
-1
-1
-1
1995
1994
1994
1995
-1
-1
1996
1994
1996
-1
-1
-1
-1
-1
-1
-1
-1
-1
-1
-1
-1
-1
-1
-1
-1
-1
1997
1997
-1
1995
-1
-1
1989
-1
-1
-1
-1
-1
-1
-1
-1
-1
-1
-1
-1
-1
-1
-1
-1
-1
1994
1995
-1
-1
1980
-1
-1
-1
-1
1989
-1
-1
-1
1971
-1
1996
1980
-1
-1
-1
-1
-1
-1
-1
-1
1995
-1
-1
-1
-1
-1
-1
-1
-1
1996
-1
-1
-1
1995
-1
-1
1971
-1
-1
-1
-1
-1
1979
-1
-1
-1
-1
1995
1980
-1
1996
-1
-1
-1
-1
-1
-1
-1
1997
1996
1975
-1
-1
-1
-1
-1
-1
-1
-1
-1
-1
-1
1968
-1
-1
-1
-1
-1
-1
-1
1966
-1
-1
-1
1996
-1
-1
1989
-1
-1
-1
-1
-1
-1
-1
-1
-1
-1
-1
-1
-1
-1
1977
-1
1980
1979
-1
-1
-1
-1
-1
-1
-1
-1
2208
-1
1979
-1
-1
-1
-1
-1
-1
-1
1966
-1
-1
-1
-1
-1
1996
2204
1966
-1
1997
-1
-1
2204
1979
-1
-1
-1
-1
-1
-1
-1
-1
-1
-1
1989
1997
-1
-1
-1
2203
-1
-1
-1
1997
-1
2208
1997
1997
-1
-1
2204
1865
1997
2203
1997
1997
2203
-1
1989
1973
-1
-1
1977
-1
-1
-1
1980
-1
-1
-1
-1
-1
-1
1963
1963
1979
1962
-1
1970
-1
-1
-1
-1
-1
-1
2208
2204
1968
1968
2204
-1
-1
-1
-1
-1
-1
2208
1980
-1
-1
1962
-1
-1
-1
-1
-1
-1
1979
-1
1968
-1
-1
-1
-1
-1
1969
-1
-1
-1
2208
1963
1989
-1
2204
-1
-1
-1
-1
-1
1989
-1
1970
1989
-1
-1
1989
-1
-1
-1
-1
-1
-1
-1
-1
1997
2204
2208
-1
-1
-1
-1
-1
-1
2204
-1
-1
-1
-1
-1
-1
-1
-1
-1
-1
-1
-1
-1
-1
-1
-1
-1
-1
1967
1988
-1
1988
-1
-1
1970
1980
-1
1979
-1
-1
-1
-1
-1
1976
2204
-1
-1
-1
-1
-1
-1
-1
-1
-1
-1
-1
2208
-1
-1
1979
1989
2204
-1
-1
-1
1967
-1
-1
2204
-1
-1
-1
-1
-1
-1
1988
2208
-1
1970
1544
-1
-1
-1
-1
-1
-1
-1
-1
-1
-1
-1
-1
-1
-1
1989
1998
-1
-1
-1
-1
-1
-1
-1
-1
-1
1968
-1
-1
-1
-1
-1
-1
-1
-1
-1
-1
-1
-1
-1
-1
-1
-1
-1
2204
-1
-1
-1
-1
-1
-1
-1
-1
-1
-1
-1
-1
-1
-1
-1
-1
-1
-1
-1
-1
-1
-1
-1
-1
-1
-1
-1
-1
2208
-1
-1
2208
-1
-1
-1
-1
-1
-1
-1
-1
1970
-1
1983
-1
-1
-1
-1
-1
-1
-1
-1
-1
-1
-1
-1
-1
-1
-1
1994
-1
1998
-1
-1
-1
1548
1548
-1
-1
-1
-1
-1
1976
-1
1976
-1
-1
-1
1980
-1
-1
-1
-1
-1
2208
-1
-1
-1
1976
1998
-1
-1
-1
-1
1976
-1
-1
-1
-1
1981
1533
-1
-1
-1
1974
-1
-1
-1
-1
-1
-1
1980
-1
-1
-1
-1
1980
-1
-1
-1
-1
1998
1533
1989
2205
-1
-1
1969
1533
-1
2205
-1
1989
2209
-1
-1
-1
-1
-1
-1
2016
1533
-1
-1
-1
-1
-1
2016
-1
-1
-1
2205
1968
-1
-1
1963
-1
-1
-1
-1
-1
-1
-1
-1
-1
-1
-1
-1
1983
-1
1979
1966
-1
1984
-1
-1
-1
1969
-1
-1
-1
2016
1978
1980
1968
1979
1966
1962
-1
1972
2207
-1
-1
1979
-1
-1
-1
-1
-1
-1
-1
1963
-1
-1
-1
1978
1983
1963
2205
-1
-1
-1
-1
-1
-1
-1
-1
-1
-1
-1
-1
-1
-1
-1
-1
-1
-1
-1
-1
-1
-1
-1
-1
-1
-1
-1
-1
-1
-1
-1
-1
-1
-1
-1
-1
-1
-1
-1
1974
1968
1974
-1
1971
-1
-1
-1
1983
-1
1977
-1
1974
-1
1977
1976
-1
1967
-1
-1
-1
-1
1971
-1
-1
-1
1964
2205
-1
-1
-1
-1
-1
1964
-1
-1
-1
-1
-1
1983
1861
-1
-1
2205
-1
1962
1970
-1
2199
2205
-1
-1
-1
2203
1979
2198
-1
-1
-1
-1
-1
-1
-1
-1
-1
-1
-1
2203
2205
-1
-1
-1
-1
-1
-1
2204
-1
-1
-1
-1
-1
-1
-1
-1
-1
2204
-1
-1
-1
-1
-1
-1
-1
-1
-1
-1
-1
-1
-1
-1
1530
2203
-1
-1
-1
-1
-1
-1
-1
2198
-1
-1
-1
-1
-1
-1
-1
-1
-1
-1
-1
-1
1972
-1
-1
-1
-1
-1
-1
-1
-1
-1
-1
-1
-1
-1
-1
-1
-1
-1
-1
-1
-1
-1
-1
-1
-1
-1
1964
-1
-1
1975
-1
-1
-1
-1
-1
-1
-1
-1
1963
-1
-1
-1
-1
-1
-1
-1
-1
-1
1964
-1
-1
-1
-1
-1
-1
-1
-1
-1
-1
2204
-1
-1
-1
-1
-1
-1
-1
-1
-1
-1
2197
-1
-1
-1
-1
-1
-1
-1
-1
-1
-1
-1
-1
-1
-1
-1
-1
-1
-1
-1
-1
-1
-1
-1
-1
-1
-1
-1
-1
-1
-1
-1
-1
-1
-1
-1
-1
-1
-1
-1
-1
-1
-1
-1
-1
-1
-1
-1
-1
-1
-1
-1
-1
-1
-1
-1
-1
-1
-1
-1
-1
-1
-1
-1
-1
-1
-1
-1
-1
-1
-1
-1
-1
-1
-1
-1
-1
-1
-1
-1
-1
-1
-1
-1
-1
-1
-1
-1
-1
-1
-1
-1
-1
-1
-1
-1
-1
-1
-1
-1
-1
-1
-1
-1
-1
-1
-1
-1
-1
-1
-1
-1
-1
-1
-1
-1
-1
-1
-1
-1
-1
-1
-1
-1
-1
-1
-1
-1
-1
-1
-1
-1
-1
-1
-1
-1
-1
-1
-1
-1
-1
-1
-1
-1
-1
-1
-1
-1
-1
-1
-1
-1
-1
-1
-1
-1
-1
-1
-1
-1
-1
-1
-1
-1
-1
-1
-1
-1
-1
-1
-1
-1
-1
-1
-1
-1
-1
-1
-1
-1
-1
-1
-1
-1
-1
-1
-1
-1
-1
-1
-1
-1
-1
-1
-1
-1
-1
-1
-1
-1
-1
-1
-1
-1
-1
-1
-1
-1
-1
-1
-1
-1
-1
-1
-1
-1
-1
-1
-1
-1
-1
-1
-1
-1
-1
-1
-1
-1
-1
-1
-1
-1
-1
-1
-1
-1
-1
-1
-1
-1
-1
-1
-1
-1
-1
-1
-1
-1
-1
-1
-1
-1
-1
-1
-1
-1
-1
-1
-1
-1
-1
-1
1975
-1
-1
-1
-1
-1
-1
-1
-1
1875
-1
-1
-1
1975
-1
2197
1966
2198
-1
-1
-1
-1
-1
-1
-1
-1
-1
-1
-1
-1
-1
-1
-1
-1
-1
2197
-1
-1
-1
-1
-1
-1
-1
-1
-1
-1
-1
-1
-1
-1
-1
-1
-1
-1
-1
-1
1975
2240
-1
-1
2198
-1
2197
-1
1876
-1
2198
-1
1876
-1
-1
-1
1875
-1
-1
-1
2240
-1
2198
1975
-1
1862
2197
-1
-1
-1
2198
1861
-1
1875
-1
-1
-1
-1
-1
2198
-1
-1
2198
-1
-1
-1
2204
2199
2197
-1
-1
1876
2197
-1
1530
-1
-1
1965
2204
-1
-1
-1
-1
-1
-1
-1
-1
-1
-1
-1
-1
-1
-1
-1
-1
2197
-1
-1
-1
-1
2205
-1
1861
-1
-1
1980
1983
-1
-1
-1
1962
-1
-1
-1
1964
-1
2198
1976
1962
1976
-1
1980
2198
1531
-1
-1
2204
1973
-1
1966
-1
-1
1979
-1
-1
-1
-1
-1
1976
-1
1970
-1
1972
-1
-1
-1
1964
-1
2198
-1
-1
-1
-1
-1
-1
-1
-1
1984
-1
2198
-1
-1
-1
-1
1980
1864
-1
2198
-1
-1
-1
-1
-1
-1
-1
-1
2205
-1
-1
-1
-1
-1
-1
1977
-1
-1
-1
-1
-1
-1
-1
-1
1861
-1
2205
-1
2198
1965
-1
-1
1864
1859
-1
-1
2205
-1
-1
-1
-1
-1
1978
1864
-1
-1
-1
-1
1859
-1
-1
-1
-1
-1
-1
-1
-1
-1
-1
-1
-1
-1
-1
2205
1859
-1
-1
-1
-1
-1
-1
-1
-1
-1
-1
-1
-1
-1
-1
-1
-1
-1
-1
-1
-1
-1
-1
-1
-1
-1
-1
-1
-1
-1
-1
1861
-1
-1
1977
-1
-1
-1
-1
-1
-1
1863
-1
-1
-1
